ERROR:root:ERROR
Traceback (most recent call last):
  File "/home/oak/PycharmProjects/IvisBackEnd/module.py", line 23, in get_records
    records = db['current_position'].find(filter=filter, skip=offset, limit=limit)
  File "/home/oak/.virtualenvs/IvisBackEnd/lib/python3.6/site-packages/pymongo/collection.py", line 1445, in find
    return Cursor(self, *args, **kwargs)
  File "/home/oak/.virtualenvs/IvisBackEnd/lib/python3.6/site-packages/pymongo/cursor.py", line 147, in __init__
    raise TypeError("skip must be an instance of int")
TypeError: skip must be an instance of int
ERROR:root:ERROR
Traceback (most recent call last):
  File "/home/oak/PycharmProjects/IvisBackEnd/module.py", line 23, in get_records
    records = db['current_position'].find(filter=filter, skip=offset, limit=limit)
  File "/home/oak/.virtualenvs/IvisBackEnd/lib/python3.6/site-packages/pymongo/collection.py", line 1445, in find
    return Cursor(self, *args, **kwargs)
  File "/home/oak/.virtualenvs/IvisBackEnd/lib/python3.6/site-packages/pymongo/cursor.py", line 147, in __init__
    raise TypeError("skip must be an instance of int")
TypeError: skip must be an instance of int
ERROR:root:ERROR
Traceback (most recent call last):
  File "/home/oak/PycharmProjects/IvisBackEnd/module.py", line 23, in get_records
    records = db['current_position'].find(filter=filter, skip=offset, limit=limit)
  File "/home/oak/.virtualenvs/IvisBackEnd/lib/python3.6/site-packages/pymongo/collection.py", line 1445, in find
    return Cursor(self, *args, **kwargs)
  File "/home/oak/.virtualenvs/IvisBackEnd/lib/python3.6/site-packages/pymongo/cursor.py", line 147, in __init__
    raise TypeError("skip must be an instance of int")
TypeError: skip must be an instance of int
ERROR:root:Invalid offset
ERROR:root:Invalid offset
ERROR:root:Invalid offset
ERROR:root:Invalid offset
ERROR:root:Invalid offset
ERROR:root:Invalid offset
ERROR:root:Invalid offset
ERROR:root:Invalid limit
ERROR:root:Invalid offset
